[23-Dec-2016 04:17:15 UTC] PHP Parse error:  syntax error, unexpected '/' in /home/ubuntu/workspace/itmu_android/php/get_class_subjects.php on line 13
[23-Dec-2016 04:17:51 UTC] PHP Parse error:  syntax error, unexpected 'course1' (T_STRING) in /home/ubuntu/workspace/itmu_android/php/get_class_subjects.php on line 18
[23-Dec-2016 04:19:53 UTC] PHP Parse error:  syntax error, unexpected '$CourseType' (T_VARIABLE) in /home/ubuntu/workspace/itmu_android/php/get_class_subjects.php on line 19
[24-Dec-2016 20:51:04 UTC] PHP Warning:  mysqli_stmt::bind_param(): Number of variables doesn't match number of parameters in prepared statement in /home/ubuntu/workspace/itmu_android/php/get_class_subjects.php on line 23
[24-Dec-2016 20:51:04 UTC] PHP Stack trace:
[24-Dec-2016 20:51:04 UTC] PHP   1. {main}() /home/ubuntu/workspace/itmu_android/php/get_class_subjects.php:0
[24-Dec-2016 20:51:04 UTC] PHP   2. mysqli_stmt->bind_param() /home/ubuntu/workspace/itmu_android/php/get_class_subjects.php:23
[24-Dec-2016 20:51:04 UTC] PHP Warning:  mysql_close() expects parameter 1 to be resource, null given in /home/ubuntu/workspace/itmu_android/php/get_class_subjects.php on line 36
[24-Dec-2016 20:51:04 UTC] PHP Stack trace:
[24-Dec-2016 20:51:04 UTC] PHP   1. {main}() /home/ubuntu/workspace/itmu_android/php/get_class_subjects.php:0
[24-Dec-2016 20:51:04 UTC] PHP   2. mysql_close() /home/ubuntu/workspace/itmu_android/php/get_class_subjects.php:36
[24-Dec-2016 20:51:39 UTC] PHP Warning:  mysqli_stmt::bind_param(): Number of variables doesn't match number of parameters in prepared statement in /home/ubuntu/workspace/itmu_android/php/get_class_subjects.php on line 23
[24-Dec-2016 20:51:39 UTC] PHP Stack trace:
[24-Dec-2016 20:51:39 UTC] PHP   1. {main}() /home/ubuntu/workspace/itmu_android/php/get_class_subjects.php:0
[24-Dec-2016 20:51:39 UTC] PHP   2. mysqli_stmt->bind_param() /home/ubuntu/workspace/itmu_android/php/get_class_subjects.php:23
[24-Dec-2016 20:51:39 UTC] PHP Warning:  mysql_close() expects parameter 1 to be resource, object given in /home/ubuntu/workspace/itmu_android/php/get_class_subjects.php on line 36
[24-Dec-2016 20:51:39 UTC] PHP Stack trace:
[24-Dec-2016 20:51:39 UTC] PHP   1. {main}() /home/ubuntu/workspace/itmu_android/php/get_class_subjects.php:0
[24-Dec-2016 20:51:39 UTC] PHP   2. mysql_close() /home/ubuntu/workspace/itmu_android/php/get_class_subjects.php:36
[24-Dec-2016 20:54:07 UTC] PHP Warning:  mysql_close() expects parameter 1 to be resource, object given in /home/ubuntu/workspace/itmu_android/php/get_class_subjects.php on line 36
[24-Dec-2016 20:54:07 UTC] PHP Stack trace:
[24-Dec-2016 20:54:07 UTC] PHP   1. {main}() /home/ubuntu/workspace/itmu_android/php/get_class_subjects.php:0
[24-Dec-2016 20:54:07 UTC] PHP   2. mysql_close() /home/ubuntu/workspace/itmu_android/php/get_class_subjects.php:36
[25-Dec-2016 06:16:04 UTC] PHP Fatal error:  Call to a member function bind_param() on a non-object in /home/ubuntu/workspace/itmu_android/php/uploadatt.php on line 31
[25-Dec-2016 06:16:04 UTC] PHP Stack trace:
[25-Dec-2016 06:16:04 UTC] PHP   1. {main}() /home/ubuntu/workspace/itmu_android/php/uploadatt.php:0
[25-Dec-2016 14:31:12 UTC] PHP Fatal error:  Call to a member function num_rows() on a non-object in /home/ubuntu/workspace/itmu_android/php/uploadatt.php on line 30
[25-Dec-2016 14:31:12 UTC] PHP Stack trace:
[25-Dec-2016 14:31:12 UTC] PHP   1. {main}() /home/ubuntu/workspace/itmu_android/php/uploadatt.php:0
[25-Dec-2016 14:31:46 UTC] PHP Fatal error:  Call to a member function num_rows() on a non-object in /home/ubuntu/workspace/itmu_android/php/uploadatt.php on line 30
[25-Dec-2016 14:31:46 UTC] PHP Stack trace:
[25-Dec-2016 14:31:46 UTC] PHP   1. {main}() /home/ubuntu/workspace/itmu_android/php/uploadatt.php:0
[25-Dec-2016 14:32:07 UTC] PHP Fatal error:  Call to a member function num_rows() on a non-object in /home/ubuntu/workspace/itmu_android/php/uploadatt.php on line 30
[25-Dec-2016 14:32:07 UTC] PHP Stack trace:
[25-Dec-2016 14:32:07 UTC] PHP   1. {main}() /home/ubuntu/workspace/itmu_android/php/uploadatt.php:0
[25-Dec-2016 14:32:14 UTC] PHP Fatal error:  Call to a member function num_rows() on a non-object in /home/ubuntu/workspace/itmu_android/php/uploadatt.php on line 30
[25-Dec-2016 14:32:14 UTC] PHP Stack trace:
[25-Dec-2016 14:32:14 UTC] PHP   1. {main}() /home/ubuntu/workspace/itmu_android/php/uploadatt.php:0
[25-Dec-2016 14:32:16 UTC] PHP Fatal error:  Call to a member function num_rows() on a non-object in /home/ubuntu/workspace/itmu_android/php/uploadatt.php on line 30
[25-Dec-2016 14:32:16 UTC] PHP Stack trace:
[25-Dec-2016 14:32:16 UTC] PHP   1. {main}() /home/ubuntu/workspace/itmu_android/php/uploadatt.php:0
[25-Dec-2016 14:32:18 UTC] PHP Fatal error:  Call to a member function num_rows() on a non-object in /home/ubuntu/workspace/itmu_android/php/uploadatt.php on line 30
[25-Dec-2016 14:32:18 UTC] PHP Stack trace:
[25-Dec-2016 14:32:18 UTC] PHP   1. {main}() /home/ubuntu/workspace/itmu_android/php/uploadatt.php:0
[25-Dec-2016 14:34:45 UTC] PHP Fatal error:  Call to undefined method mysqli_result::num_rows() in /home/ubuntu/workspace/itmu_android/php/uploadatt.php on line 31
[25-Dec-2016 14:34:45 UTC] PHP Stack trace:
[25-Dec-2016 14:34:45 UTC] PHP   1. {main}() /home/ubuntu/workspace/itmu_android/php/uploadatt.php:0
[25-Dec-2016 14:34:53 UTC] PHP Fatal error:  Call to undefined method mysqli_result::num_rows() in /home/ubuntu/workspace/itmu_android/php/uploadatt.php on line 31
[25-Dec-2016 14:34:53 UTC] PHP Stack trace:
[25-Dec-2016 14:34:53 UTC] PHP   1. {main}() /home/ubuntu/workspace/itmu_android/php/uploadatt.php:0
[25-Dec-2016 14:50:25 UTC] PHP Fatal error:  Call to undefined method mysqli_result::num_rows() in /home/ubuntu/workspace/itmu_android/php/uploadatt.php on line 31
[25-Dec-2016 14:50:25 UTC] PHP Stack trace:
[25-Dec-2016 14:50:25 UTC] PHP   1. {main}() /home/ubuntu/workspace/itmu_android/php/uploadatt.php:0
[25-Dec-2016 15:00:09 UTC] PHP Parse error:  syntax error, unexpected '}' in /home/ubuntu/workspace/itmu_android/php/uploadatt.php on line 36
[25-Dec-2016 15:00:34 UTC] PHP Parse error:  syntax error, unexpected '}' in /home/ubuntu/workspace/itmu_android/php/uploadatt.php on line 36
[25-Dec-2016 15:03:42 UTC] PHP Parse error:  syntax error, unexpected end of file in /home/ubuntu/workspace/itmu_android/php/uploadatt.php on line 63
[25-Dec-2016 15:03:53 UTC] PHP Parse error:  syntax error, unexpected end of file in /home/ubuntu/workspace/itmu_android/php/uploadatt.php on line 63
[25-Dec-2016 15:22:23 UTC] PHP Warning:  mysqli_stmt::bind_param(): Number of elements in type definition string doesn't match number of bind variables in /home/ubuntu/workspace/itmu_android/php/uploadatt.php on line 62
[25-Dec-2016 15:22:23 UTC] PHP Stack trace:
[25-Dec-2016 15:22:23 UTC] PHP   1. {main}() /home/ubuntu/workspace/itmu_android/php/uploadatt.php:0
[25-Dec-2016 15:22:23 UTC] PHP   2. mysqli_stmt->bind_param() /home/ubuntu/workspace/itmu_android/php/uploadatt.php:62
[25-Dec-2016 15:22:31 UTC] PHP Warning:  mysqli_stmt::bind_param(): Number of elements in type definition string doesn't match number of bind variables in /home/ubuntu/workspace/itmu_android/php/uploadatt.php on line 62
[25-Dec-2016 15:22:31 UTC] PHP Stack trace:
[25-Dec-2016 15:22:31 UTC] PHP   1. {main}() /home/ubuntu/workspace/itmu_android/php/uploadatt.php:0
[25-Dec-2016 15:22:31 UTC] PHP   2. mysqli_stmt->bind_param() /home/ubuntu/workspace/itmu_android/php/uploadatt.php:62
[25-Dec-2016 15:23:18 UTC] PHP Warning:  mysqli_stmt::bind_param(): Number of elements in type definition string doesn't match number of bind variables in /home/ubuntu/workspace/itmu_android/php/uploadatt.php on line 62
[25-Dec-2016 15:23:18 UTC] PHP Stack trace:
[25-Dec-2016 15:23:18 UTC] PHP   1. {main}() /home/ubuntu/workspace/itmu_android/php/uploadatt.php:0
[25-Dec-2016 15:23:18 UTC] PHP   2. mysqli_stmt->bind_param() /home/ubuntu/workspace/itmu_android/php/uploadatt.php:62
[25-Dec-2016 15:25:14 UTC] PHP Fatal error:  Call to a member function bind_param() on a non-object in /home/ubuntu/workspace/itmu_android/php/uploadatt.php on line 30
[25-Dec-2016 15:25:14 UTC] PHP Stack trace:
[25-Dec-2016 15:25:14 UTC] PHP   1. {main}() /home/ubuntu/workspace/itmu_android/php/uploadatt.php:0
[25-Dec-2016 15:27:14 UTC] PHP Fatal error:  Call to a member function bind_param() on a non-object in /home/ubuntu/workspace/itmu_android/php/uploadatt.php on line 30
[25-Dec-2016 15:27:14 UTC] PHP Stack trace:
[25-Dec-2016 15:27:14 UTC] PHP   1. {main}() /home/ubuntu/workspace/itmu_android/php/uploadatt.php:0
[25-Dec-2016 15:27:18 UTC] PHP Fatal error:  Call to a member function bind_param() on a non-object in /home/ubuntu/workspace/itmu_android/php/uploadatt.php on line 30
[25-Dec-2016 15:27:18 UTC] PHP Stack trace:
[25-Dec-2016 15:27:18 UTC] PHP   1. {main}() /home/ubuntu/workspace/itmu_android/php/uploadatt.php:0
[25-Dec-2016 15:27:21 UTC] PHP Fatal error:  Call to a member function bind_param() on a non-object in /home/ubuntu/workspace/itmu_android/php/uploadatt.php on line 30
[25-Dec-2016 15:27:21 UTC] PHP Stack trace:
[25-Dec-2016 15:27:21 UTC] PHP   1. {main}() /home/ubuntu/workspace/itmu_android/php/uploadatt.php:0
[25-Dec-2016 15:29:40 UTC] PHP Warning:  mysqli_stmt::bind_param(): Number of elements in type definition string doesn't match number of bind variables in /home/ubuntu/workspace/itmu_android/php/uploadatt.php on line 62
[25-Dec-2016 15:29:40 UTC] PHP Stack trace:
[25-Dec-2016 15:29:40 UTC] PHP   1. {main}() /home/ubuntu/workspace/itmu_android/php/uploadatt.php:0
[25-Dec-2016 15:29:40 UTC] PHP   2. mysqli_stmt->bind_param() /home/ubuntu/workspace/itmu_android/php/uploadatt.php:62
[25-Dec-2016 15:31:47 UTC] PHP Warning:  mysqli_stmt::bind_param(): Number of elements in type definition string doesn't match number of bind variables in /home/ubuntu/workspace/itmu_android/php/uploadatt.php on line 62
[25-Dec-2016 15:31:47 UTC] PHP Stack trace:
[25-Dec-2016 15:31:47 UTC] PHP   1. {main}() /home/ubuntu/workspace/itmu_android/php/uploadatt.php:0
[25-Dec-2016 15:31:47 UTC] PHP   2. mysqli_stmt->bind_param() /home/ubuntu/workspace/itmu_android/php/uploadatt.php:62
[25-Dec-2016 15:34:21 UTC] PHP Warning:  mysqli_stmt::bind_param(): Number of elements in type definition string doesn't match number of bind variables in /home/ubuntu/workspace/itmu_android/php/uploadatt.php on line 62
[25-Dec-2016 15:34:21 UTC] PHP Stack trace:
[25-Dec-2016 15:34:21 UTC] PHP   1. {main}() /home/ubuntu/workspace/itmu_android/php/uploadatt.php:0
[25-Dec-2016 15:34:21 UTC] PHP   2. mysqli_stmt->bind_param() /home/ubuntu/workspace/itmu_android/php/uploadatt.php:62
[25-Dec-2016 15:34:23 UTC] PHP Warning:  mysqli_stmt::bind_param(): Number of elements in type definition string doesn't match number of bind variables in /home/ubuntu/workspace/itmu_android/php/uploadatt.php on line 62
[25-Dec-2016 15:34:23 UTC] PHP Stack trace:
[25-Dec-2016 15:34:23 UTC] PHP   1. {main}() /home/ubuntu/workspace/itmu_android/php/uploadatt.php:0
[25-Dec-2016 15:34:23 UTC] PHP   2. mysqli_stmt->bind_param() /home/ubuntu/workspace/itmu_android/php/uploadatt.php:62
[25-Dec-2016 15:38:03 UTC] PHP Warning:  mysqli_stmt::bind_param(): Number of elements in type definition string doesn't match number of bind variables in /home/ubuntu/workspace/itmu_android/php/get_class_subjects.php on line 62
[25-Dec-2016 15:38:03 UTC] PHP Stack trace:
[25-Dec-2016 15:38:03 UTC] PHP   1. {main}() /home/ubuntu/workspace/itmu_android/php/get_class_subjects.php:0
[25-Dec-2016 15:38:03 UTC] PHP   2. mysqli_stmt->bind_param() /home/ubuntu/workspace/itmu_android/php/get_class_subjects.php:62
[25-Dec-2016 15:38:11 UTC] PHP Warning:  mysqli_stmt::bind_param(): Number of elements in type definition string doesn't match number of bind variables in /home/ubuntu/workspace/itmu_android/php/uploadatt.php on line 62
[25-Dec-2016 15:38:11 UTC] PHP Stack trace:
[25-Dec-2016 15:38:11 UTC] PHP   1. {main}() /home/ubuntu/workspace/itmu_android/php/uploadatt.php:0
[25-Dec-2016 15:38:11 UTC] PHP   2. mysqli_stmt->bind_param() /home/ubuntu/workspace/itmu_android/php/uploadatt.php:62
[25-Dec-2016 15:46:02 UTC] PHP Warning:  mysqli_stmt::bind_param(): Number of elements in type definition string doesn't match number of bind variables in /home/ubuntu/workspace/itmu_android/php/get_class_subjects.php on line 62
[25-Dec-2016 15:46:02 UTC] PHP Stack trace:
[25-Dec-2016 15:46:02 UTC] PHP   1. {main}() /home/ubuntu/workspace/itmu_android/php/get_class_subjects.php:0
[25-Dec-2016 15:46:02 UTC] PHP   2. mysqli_stmt->bind_param() /home/ubuntu/workspace/itmu_android/php/get_class_subjects.php:62
[25-Dec-2016 15:46:10 UTC] PHP Warning:  mysqli_stmt::bind_param(): Number of elements in type definition string doesn't match number of bind variables in /home/ubuntu/workspace/itmu_android/php/get_class_subjects.php on line 62
[25-Dec-2016 15:46:10 UTC] PHP Stack trace:
[25-Dec-2016 15:46:10 UTC] PHP   1. {main}() /home/ubuntu/workspace/itmu_android/php/get_class_subjects.php:0
[25-Dec-2016 15:46:10 UTC] PHP   2. mysqli_stmt->bind_param() /home/ubuntu/workspace/itmu_android/php/get_class_subjects.php:62
[26-Dec-2016 08:37:11 UTC] PHP Warning:  mysqli_stmt::bind_param(): Number of elements in type definition string doesn't match number of bind variables in /home/ubuntu/workspace/itmu_android/php/get_class_subjects.php on line 62
[26-Dec-2016 08:37:11 UTC] PHP Stack trace:
[26-Dec-2016 08:37:11 UTC] PHP   1. {main}() /home/ubuntu/workspace/itmu_android/php/get_class_subjects.php:0
[26-Dec-2016 08:37:11 UTC] PHP   2. mysqli_stmt->bind_param() /home/ubuntu/workspace/itmu_android/php/get_class_subjects.php:62
[27-Dec-2016 08:31:52 UTC] PHP Warning:  mysqli_stmt::bind_param(): Number of elements in type definition string doesn't match number of bind variables in /home/ubuntu/workspace/itmu_android/php/get_class_subjects.php on line 62
[27-Dec-2016 08:31:52 UTC] PHP Stack trace:
[27-Dec-2016 08:31:52 UTC] PHP   1. {main}() /home/ubuntu/workspace/itmu_android/php/get_class_subjects.php:0
[27-Dec-2016 08:31:52 UTC] PHP   2. mysqli_stmt->bind_param() /home/ubuntu/workspace/itmu_android/php/get_class_subjects.php:62
[30-Dec-2016 13:07:13 UTC] PHP Warning:  mysqli_stmt::bind_param(): Number of elements in type definition string doesn't match number of bind variables in /home/ubuntu/workspace/itmu_android/php/get_class_subjects.php on line 62
[30-Dec-2016 13:07:13 UTC] PHP Stack trace:
[30-Dec-2016 13:07:13 UTC] PHP   1. {main}() /home/ubuntu/workspace/itmu_android/php/get_class_subjects.php:0
[30-Dec-2016 13:07:13 UTC] PHP   2. mysqli_stmt->bind_param() /home/ubuntu/workspace/itmu_android/php/get_class_subjects.php:62
[04-Jan-2017 11:15:13 UTC] PHP Warning:  mysqli_stmt::bind_param(): Number of elements in type definition string doesn't match number of bind variables in /home/ubuntu/workspace/itmu_android/php/get_class_subjects.php on line 62
[04-Jan-2017 11:15:13 UTC] PHP Stack trace:
[04-Jan-2017 11:15:13 UTC] PHP   1. {main}() /home/ubuntu/workspace/itmu_android/php/get_class_subjects.php:0
[04-Jan-2017 11:15:13 UTC] PHP   2. mysqli_stmt->bind_param() /home/ubuntu/workspace/itmu_android/php/get_class_subjects.php:62
[05-Jan-2017 15:54:23 UTC] PHP Warning:  mysqli::mysqli(): (HY000/2002): Connection refused in /home/ubuntu/workspace/itmu_android/php/get_class_subjects.php on line 10
[05-Jan-2017 15:54:23 UTC] PHP Stack trace:
[05-Jan-2017 15:54:23 UTC] PHP   1. {main}() /home/ubuntu/workspace/itmu_android/php/get_class_subjects.php:0
[05-Jan-2017 15:54:23 UTC] PHP   2. mysqli->mysqli() /home/ubuntu/workspace/itmu_android/php/get_class_subjects.php:10
[05-Jan-2017 15:54:23 UTC] PHP Warning:  mysqli::prepare(): Couldn't fetch mysqli in /home/ubuntu/workspace/itmu_android/php/get_class_subjects.php on line 61
[05-Jan-2017 15:54:23 UTC] PHP Stack trace:
[05-Jan-2017 15:54:23 UTC] PHP   1. {main}() /home/ubuntu/workspace/itmu_android/php/get_class_subjects.php:0
[05-Jan-2017 15:54:23 UTC] PHP   2. mysqli->prepare() /home/ubuntu/workspace/itmu_android/php/get_class_subjects.php:61
[05-Jan-2017 15:54:23 UTC] PHP Fatal error:  Call to a member function bind_param() on a non-object in /home/ubuntu/workspace/itmu_android/php/get_class_subjects.php on line 62
[05-Jan-2017 15:54:23 UTC] PHP Stack trace:
[05-Jan-2017 15:54:23 UTC] PHP   1. {main}() /home/ubuntu/workspace/itmu_android/php/get_class_subjects.php:0
[06-Jan-2017 07:25:56 UTC] PHP Warning:  mysqli_stmt::bind_param(): Number of elements in type definition string doesn't match number of bind variables in /home/ubuntu/workspace/itmu_android/php/get_class_subjects.php on line 62
[06-Jan-2017 07:25:56 UTC] PHP Stack trace:
[06-Jan-2017 07:25:56 UTC] PHP   1. {main}() /home/ubuntu/workspace/itmu_android/php/get_class_subjects.php:0
[06-Jan-2017 07:25:56 UTC] PHP   2. mysqli_stmt->bind_param() /home/ubuntu/workspace/itmu_android/php/get_class_subjects.php:62
[07-Jan-2017 11:19:34 UTC] PHP Warning:  mysqli_stmt::bind_param(): Number of elements in type definition string doesn't match number of bind variables in /home/ubuntu/workspace/itmu_android/php/get_class_subjects.php on line 62
[07-Jan-2017 11:19:34 UTC] PHP Stack trace:
[07-Jan-2017 11:19:34 UTC] PHP   1. {main}() /home/ubuntu/workspace/itmu_android/php/get_class_subjects.php:0
[07-Jan-2017 11:19:34 UTC] PHP   2. mysqli_stmt->bind_param() /home/ubuntu/workspace/itmu_android/php/get_class_subjects.php:62
[08-Jan-2017 08:25:18 UTC] PHP Warning:  mysql_close() expects parameter 1 to be resource, null given in /home/ubuntu/workspace/itmu_android/php/getnotice1.php on line 32
[08-Jan-2017 08:25:18 UTC] PHP Stack trace:
[08-Jan-2017 08:25:18 UTC] PHP   1. {main}() /home/ubuntu/workspace/itmu_android/php/getnotice1.php:0
[08-Jan-2017 08:25:18 UTC] PHP   2. mysql_close() /home/ubuntu/workspace/itmu_android/php/getnotice1.php:32
[08-Jan-2017 08:33:07 UTC] PHP Warning:  mysql_close() expects parameter 1 to be resource, null given in /home/ubuntu/workspace/itmu_android/php/getnotice1.php on line 49
[08-Jan-2017 08:33:07 UTC] PHP Stack trace:
[08-Jan-2017 08:33:07 UTC] PHP   1. {main}() /home/ubuntu/workspace/itmu_android/php/getnotice1.php:0
[08-Jan-2017 08:33:07 UTC] PHP   2. mysql_close() /home/ubuntu/workspace/itmu_android/php/getnotice1.php:49
[08-Jan-2017 08:33:23 UTC] PHP Warning:  mysql_close() expects parameter 1 to be resource, object given in /home/ubuntu/workspace/itmu_android/php/getnotice1.php on line 49
[08-Jan-2017 08:33:23 UTC] PHP Stack trace:
[08-Jan-2017 08:33:23 UTC] PHP   1. {main}() /home/ubuntu/workspace/itmu_android/php/getnotice1.php:0
[08-Jan-2017 08:33:23 UTC] PHP   2. mysql_close() /home/ubuntu/workspace/itmu_android/php/getnotice1.php:49
[08-Jan-2017 08:35:46 UTC] PHP Warning:  mysql_close() expects parameter 1 to be resource, object given in /home/ubuntu/workspace/itmu_android/php/getnotice1.php on line 49
[08-Jan-2017 08:35:46 UTC] PHP Stack trace:
[08-Jan-2017 08:35:46 UTC] PHP   1. {main}() /home/ubuntu/workspace/itmu_android/php/getnotice1.php:0
[08-Jan-2017 08:35:46 UTC] PHP   2. mysql_close() /home/ubuntu/workspace/itmu_android/php/getnotice1.php:49
[08-Jan-2017 08:36:56 UTC] PHP Warning:  mysql_close() expects parameter 1 to be resource, object given in /home/ubuntu/workspace/itmu_android/php/getnotice1.php on line 49
[08-Jan-2017 08:36:56 UTC] PHP Stack trace:
[08-Jan-2017 08:36:56 UTC] PHP   1. {main}() /home/ubuntu/workspace/itmu_android/php/getnotice1.php:0
[08-Jan-2017 08:36:56 UTC] PHP   2. mysql_close() /home/ubuntu/workspace/itmu_android/php/getnotice1.php:49
[08-Jan-2017 08:37:51 UTC] PHP Warning:  mysql_close() expects parameter 1 to be resource, object given in /home/ubuntu/workspace/itmu_android/php/getnotice1.php on line 49
[08-Jan-2017 08:37:51 UTC] PHP Stack trace:
[08-Jan-2017 08:37:51 UTC] PHP   1. {main}() /home/ubuntu/workspace/itmu_android/php/getnotice1.php:0
[08-Jan-2017 08:37:51 UTC] PHP   2. mysql_close() /home/ubuntu/workspace/itmu_android/php/getnotice1.php:49
[08-Jan-2017 13:41:28 UTC] PHP Parse error:  syntax error, unexpected '`', expecting ',' or ';' in /home/ubuntu/workspace/itmu_android/php/getattendance_new.php on line 46
[08-Jan-2017 13:42:01 UTC] PHP Fatal error:  Call to a member function bind_param() on a non-object in /home/ubuntu/workspace/itmu_android/php/getattendance_new.php on line 16
[08-Jan-2017 13:42:01 UTC] PHP Stack trace:
[08-Jan-2017 13:42:01 UTC] PHP   1. {main}() /home/ubuntu/workspace/itmu_android/php/getattendance_new.php:0
[08-Jan-2017 13:44:08 UTC] PHP Fatal error:  Call to a member function bind_param() on a non-object in /home/ubuntu/workspace/itmu_android/php/getattendance_new.php on line 16
[08-Jan-2017 13:44:08 UTC] PHP Stack trace:
[08-Jan-2017 13:44:08 UTC] PHP   1. {main}() /home/ubuntu/workspace/itmu_android/php/getattendance_new.php:0
[08-Jan-2017 13:44:23 UTC] PHP Fatal error:  Call to a member function bind_param() on a non-object in /home/ubuntu/workspace/itmu_android/php/getattendance_new.php on line 16
[08-Jan-2017 13:44:23 UTC] PHP Stack trace:
[08-Jan-2017 13:44:23 UTC] PHP   1. {main}() /home/ubuntu/workspace/itmu_android/php/getattendance_new.php:0
[08-Jan-2017 13:45:08 UTC] PHP Fatal error:  Call to a member function bind_param() on a non-object in /home/ubuntu/workspace/itmu_android/php/getattendance_new.php on line 16
[08-Jan-2017 13:45:08 UTC] PHP Stack trace:
[08-Jan-2017 13:45:08 UTC] PHP   1. {main}() /home/ubuntu/workspace/itmu_android/php/getattendance_new.php:0
[08-Jan-2017 13:45:26 UTC] PHP Fatal error:  Call to a member function bind_param() on a non-object in /home/ubuntu/workspace/itmu_android/php/getattendance_new.php on line 16
[08-Jan-2017 13:45:26 UTC] PHP Stack trace:
[08-Jan-2017 13:45:26 UTC] PHP   1. {main}() /home/ubuntu/workspace/itmu_android/php/getattendance_new.php:0
[08-Jan-2017 13:45:39 UTC] PHP Fatal error:  Call to a member function bind_param() on a non-object in /home/ubuntu/workspace/itmu_android/php/getattendance_new.php on line 16
[08-Jan-2017 13:45:39 UTC] PHP Stack trace:
[08-Jan-2017 13:45:39 UTC] PHP   1. {main}() /home/ubuntu/workspace/itmu_android/php/getattendance_new.php:0
[08-Jan-2017 14:25:38 UTC] PHP Fatal error:  Call to a member function bind_param() on a non-object in /home/ubuntu/workspace/itmu_android/php/getattendance_new.php on line 16
[08-Jan-2017 14:25:38 UTC] PHP Stack trace:
[08-Jan-2017 14:25:38 UTC] PHP   1. {main}() /home/ubuntu/workspace/itmu_android/php/getattendance_new.php:0
[08-Jan-2017 14:26:40 UTC] PHP Fatal error:  Call to a member function bind_param() on a non-object in /home/ubuntu/workspace/itmu_android/php/getattendance_new.php on line 16
[08-Jan-2017 14:26:40 UTC] PHP Stack trace:
[08-Jan-2017 14:26:40 UTC] PHP   1. {main}() /home/ubuntu/workspace/itmu_android/php/getattendance_new.php:0
[08-Jan-2017 14:27:10 UTC] PHP Fatal error:  Call to a member function bind_param() on a non-object in /home/ubuntu/workspace/itmu_android/php/getattendance_new.php on line 16
[08-Jan-2017 14:27:10 UTC] PHP Stack trace:
[08-Jan-2017 14:27:10 UTC] PHP   1. {main}() /home/ubuntu/workspace/itmu_android/php/getattendance_new.php:0
[08-Jan-2017 14:27:54 UTC] PHP Fatal error:  Call to a member function execute() on a non-object in /home/ubuntu/workspace/itmu_android/php/getattendance_new.php on line 17
[08-Jan-2017 14:27:54 UTC] PHP Stack trace:
[08-Jan-2017 14:27:54 UTC] PHP   1. {main}() /home/ubuntu/workspace/itmu_android/php/getattendance_new.php:0
[08-Jan-2017 14:28:20 UTC] PHP Fatal error:  Call to a member function execute() on a non-object in /home/ubuntu/workspace/itmu_android/php/getattendance_new.php on line 17
[08-Jan-2017 14:28:20 UTC] PHP Stack trace:
[08-Jan-2017 14:28:20 UTC] PHP   1. {main}() /home/ubuntu/workspace/itmu_android/php/getattendance_new.php:0
[08-Jan-2017 14:28:47 UTC] PHP Fatal error:  Call to a member function execute() on a non-object in /home/ubuntu/workspace/itmu_android/php/getattendance_new.php on line 17
[08-Jan-2017 14:28:47 UTC] PHP Stack trace:
[08-Jan-2017 14:28:47 UTC] PHP   1. {main}() /home/ubuntu/workspace/itmu_android/php/getattendance_new.php:0
[08-Jan-2017 14:29:03 UTC] PHP Fatal error:  Call to a member function execute() on a non-object in /home/ubuntu/workspace/itmu_android/php/getattendance_new.php on line 17
[08-Jan-2017 14:29:03 UTC] PHP Stack trace:
[08-Jan-2017 14:29:03 UTC] PHP   1. {main}() /home/ubuntu/workspace/itmu_android/php/getattendance_new.php:0
[08-Jan-2017 14:31:57 UTC] PHP Fatal error:  Call to a member function execute() on a non-object in /home/ubuntu/workspace/itmu_android/php/getattendance_new.php on line 17
[08-Jan-2017 14:31:57 UTC] PHP Stack trace:
[08-Jan-2017 14:31:57 UTC] PHP   1. {main}() /home/ubuntu/workspace/itmu_android/php/getattendance_new.php:0
[08-Jan-2017 14:34:50 UTC] PHP Fatal error:  Call to a member function execute() on a non-object in /home/ubuntu/workspace/itmu_android/php/getattendance_new.php on line 18
[08-Jan-2017 14:34:50 UTC] PHP Stack trace:
[08-Jan-2017 14:34:50 UTC] PHP   1. {main}() /home/ubuntu/workspace/itmu_android/php/getattendance_new.php:0
[08-Jan-2017 14:35:14 UTC] PHP Fatal error:  Call to a member function execute() on a non-object in /home/ubuntu/workspace/itmu_android/php/getattendance_new.php on line 18
[08-Jan-2017 14:35:14 UTC] PHP Stack trace:
[08-Jan-2017 14:35:14 UTC] PHP   1. {main}() /home/ubuntu/workspace/itmu_android/php/getattendance_new.php:0
[08-Jan-2017 14:35:25 UTC] PHP Fatal error:  Call to a member function execute() on a non-object in /home/ubuntu/workspace/itmu_android/php/getattendance_new.php on line 18
[08-Jan-2017 14:35:25 UTC] PHP Stack trace:
[08-Jan-2017 14:35:25 UTC] PHP   1. {main}() /home/ubuntu/workspace/itmu_android/php/getattendance_new.php:0
[08-Jan-2017 14:36:43 UTC] PHP Fatal error:  Call to a member function bind_param() on a non-object in /home/ubuntu/workspace/itmu_android/php/getattendance_new.php on line 17
[08-Jan-2017 14:36:43 UTC] PHP Stack trace:
[08-Jan-2017 14:36:43 UTC] PHP   1. {main}() /home/ubuntu/workspace/itmu_android/php/getattendance_new.php:0
[08-Jan-2017 14:37:58 UTC] PHP Fatal error:  Call to a member function bind_param() on a non-object in /home/ubuntu/workspace/itmu_android/php/getattendance_new.php on line 17
[08-Jan-2017 14:37:58 UTC] PHP Stack trace:
[08-Jan-2017 14:37:58 UTC] PHP   1. {main}() /home/ubuntu/workspace/itmu_android/php/getattendance_new.php:0
[08-Jan-2017 14:38:19 UTC] PHP Fatal error:  Call to a member function bind_param() on a non-object in /home/ubuntu/workspace/itmu_android/php/getattendance_new.php on line 17
[08-Jan-2017 14:38:19 UTC] PHP Stack trace:
[08-Jan-2017 14:38:19 UTC] PHP   1. {main}() /home/ubuntu/workspace/itmu_android/php/getattendance_new.php:0
[08-Jan-2017 14:38:52 UTC] PHP Fatal error:  Call to a member function bind_param() on a non-object in /home/ubuntu/workspace/itmu_android/php/getattendance_new.php on line 17
[08-Jan-2017 14:38:52 UTC] PHP Stack trace:
[08-Jan-2017 14:38:52 UTC] PHP   1. {main}() /home/ubuntu/workspace/itmu_android/php/getattendance_new.php:0
[09-Jan-2017 05:14:44 UTC] PHP Warning:  mysqli_stmt::bind_param(): Number of elements in type definition string doesn't match number of bind variables in /home/ubuntu/workspace/itmu_android/php/get_class_subjects.php on line 62
[09-Jan-2017 05:14:44 UTC] PHP Stack trace:
[09-Jan-2017 05:14:44 UTC] PHP   1. {main}() /home/ubuntu/workspace/itmu_android/php/get_class_subjects.php:0
[09-Jan-2017 05:14:44 UTC] PHP   2. mysqli_stmt->bind_param() /home/ubuntu/workspace/itmu_android/php/get_class_subjects.php:62
[10-Jan-2017 06:34:33 UTC] PHP Warning:  mysqli_stmt::bind_param(): Number of elements in type definition string doesn't match number of bind variables in /home/ubuntu/workspace/itmu_android/php/get_class_subjects.php on line 62
[10-Jan-2017 06:34:33 UTC] PHP Stack trace:
[10-Jan-2017 06:34:33 UTC] PHP   1. {main}() /home/ubuntu/workspace/itmu_android/php/get_class_subjects.php:0
[10-Jan-2017 06:34:33 UTC] PHP   2. mysqli_stmt->bind_param() /home/ubuntu/workspace/itmu_android/php/get_class_subjects.php:62
[16-Jan-2017 12:42:44 UTC] PHP Warning:  mysql_close() expects parameter 1 to be resource, null given in /home/ubuntu/workspace/itmu_android/php/change_pwd.php on line 33
[16-Jan-2017 12:42:44 UTC] PHP Stack trace:
[16-Jan-2017 12:42:44 UTC] PHP   1. {main}() /home/ubuntu/workspace/itmu_android/php/change_pwd.php:0
[16-Jan-2017 12:42:44 UTC] PHP   2. mysql_close() /home/ubuntu/workspace/itmu_android/php/change_pwd.php:33
[16-Jan-2017 17:19:00 UTC] PHP Warning:  mysqli_stmt::bind_param(): Number of elements in type definition string doesn't match number of bind variables in /home/ubuntu/workspace/itmu_android/php/get_class_subjects.php on line 54
[16-Jan-2017 17:19:00 UTC] PHP Stack trace:
[16-Jan-2017 17:19:00 UTC] PHP   1. {main}() /home/ubuntu/workspace/itmu_android/php/get_class_subjects.php:0
[16-Jan-2017 17:19:00 UTC] PHP   2. mysqli_stmt->bind_param() /home/ubuntu/workspace/itmu_android/php/get_class_subjects.php:54
[20-Jan-2017 08:11:18 UTC] PHP Warning:  mysqli_stmt::bind_param(): Number of elements in type definition string doesn't match number of bind variables in /home/ubuntu/workspace/itmu_android/php/get_class_subjects.php on line 54
[20-Jan-2017 08:11:18 UTC] PHP Stack trace:
[20-Jan-2017 08:11:18 UTC] PHP   1. {main}() /home/ubuntu/workspace/itmu_android/php/get_class_subjects.php:0
[20-Jan-2017 08:11:18 UTC] PHP   2. mysqli_stmt->bind_param() /home/ubuntu/workspace/itmu_android/php/get_class_subjects.php:54
[20-Jan-2017 14:20:51 UTC] PHP Parse error:  syntax error, unexpected '?>' in /home/ubuntu/workspace/itmu_android/php/getsubjectlist.php on line 101
[20-Jan-2017 17:26:24 UTC] PHP Parse error:  syntax error, unexpected '.' in /home/ubuntu/workspace/itmu_android/php/new_login_faculty.php on line 34
[20-Jan-2017 17:27:57 UTC] PHP Parse error:  syntax error, unexpected '.' in /home/ubuntu/workspace/itmu_android/php/new_login_faculty.php on line 34
[20-Jan-2017 17:28:02 UTC] PHP Parse error:  syntax error, unexpected '.' in /home/ubuntu/workspace/itmu_android/php/new_login_faculty.php on line 34
[20-Jan-2017 17:28:05 UTC] PHP Parse error:  syntax error, unexpected '.' in /home/ubuntu/workspace/itmu_android/php/new_login_faculty.php on line 34
[20-Jan-2017 17:28:07 UTC] PHP Parse error:  syntax error, unexpected '.' in /home/ubuntu/workspace/itmu_android/php/new_login_faculty.php on line 34
[20-Jan-2017 17:30:45 UTC] PHP Parse error:  syntax error, unexpected '"]"' (T_CONSTANT_ENCAPSED_STRING), expecting ',' or ';' in /home/ubuntu/workspace/itmu_android/php/new_login_faculty.php on line 34
[20-Jan-2017 17:30:48 UTC] PHP Parse error:  syntax error, unexpected '"]"' (T_CONSTANT_ENCAPSED_STRING), expecting ',' or ';' in /home/ubuntu/workspace/itmu_android/php/new_login_faculty.php on line 34
[20-Jan-2017 17:30:51 UTC] PHP Parse error:  syntax error, unexpected '"]"' (T_CONSTANT_ENCAPSED_STRING), expecting ',' or ';' in /home/ubuntu/workspace/itmu_android/php/new_login_faculty.php on line 34
[20-Jan-2017 17:30:55 UTC] PHP Parse error:  syntax error, unexpected '"]"' (T_CONSTANT_ENCAPSED_STRING), expecting ',' or ';' in /home/ubuntu/workspace/itmu_android/php/new_login_faculty.php on line 34
[20-Jan-2017 17:30:59 UTC] PHP Parse error:  syntax error, unexpected '"]"' (T_CONSTANT_ENCAPSED_STRING), expecting ',' or ';' in /home/ubuntu/workspace/itmu_android/php/new_login_faculty.php on line 34
[20-Jan-2017 17:31:03 UTC] PHP Parse error:  syntax error, unexpected '"]"' (T_CONSTANT_ENCAPSED_STRING), expecting ',' or ';' in /home/ubuntu/workspace/itmu_android/php/new_login_faculty.php on line 34
[20-Jan-2017 17:31:06 UTC] PHP Parse error:  syntax error, unexpected '"]"' (T_CONSTANT_ENCAPSED_STRING), expecting ',' or ';' in /home/ubuntu/workspace/itmu_android/php/new_login_faculty.php on line 34
[20-Jan-2017 17:31:09 UTC] PHP Parse error:  syntax error, unexpected '"]"' (T_CONSTANT_ENCAPSED_STRING), expecting ',' or ';' in /home/ubuntu/workspace/itmu_android/php/new_login_faculty.php on line 34
[20-Jan-2017 17:31:12 UTC] PHP Parse error:  syntax error, unexpected '"]"' (T_CONSTANT_ENCAPSED_STRING), expecting ',' or ';' in /home/ubuntu/workspace/itmu_android/php/new_login_faculty.php on line 34
[20-Jan-2017 17:38:59 UTC] PHP Parse error:  syntax error, unexpected '/' in /home/ubuntu/workspace/itmu_android/php/new_login_faculty.php on line 7
[24-Jan-2017 18:45:00 UTC] PHP Warning:  mysqli_stmt::bind_param(): Number of elements in type definition string doesn't match number of bind variables in /home/ubuntu/workspace/itmu_android/php/get_class_subjects.php on line 54
[24-Jan-2017 18:45:00 UTC] PHP Stack trace:
[24-Jan-2017 18:45:00 UTC] PHP   1. {main}() /home/ubuntu/workspace/itmu_android/php/get_class_subjects.php:0
[24-Jan-2017 18:45:00 UTC] PHP   2. mysqli_stmt->bind_param() /home/ubuntu/workspace/itmu_android/php/get_class_subjects.php:54
[24-Jan-2017 18:54:15 UTC] PHP Warning:  mysqli_stmt::bind_param(): Number of elements in type definition string doesn't match number of bind variables in /home/ubuntu/workspace/itmu_android/php/get_class_subjects.php on line 54
[24-Jan-2017 18:54:15 UTC] PHP Stack trace:
[24-Jan-2017 18:54:15 UTC] PHP   1. {main}() /home/ubuntu/workspace/itmu_android/php/get_class_subjects.php:0
[24-Jan-2017 18:54:15 UTC] PHP   2. mysqli_stmt->bind_param() /home/ubuntu/workspace/itmu_android/php/get_class_subjects.php:54
